id
0
init
refresh
9 11 9 7 7 7 9 3 8 1 6 8 6 5 5 10 4 10 6 4 2 3 0 8 2 
9 11 9 7 7 7 9 3 8 1 6 8 6 5 10 5 4 10 6 4 2 3 0 8 2 
message
12 4 12 3 1 10
action
message
1 0 2 1 0 7
message
15 2 14 1 1 3
action
message
1 2 2 3 0 3
message
13 0 12 1 1 4
action
message
5 2 4 3 0 0
message
11 0 6 0 1 2
action
message
1 3 1 2 0 8
message
13 4 14 3 1 5
action
message
1 2 1 3 0 8
message
14 4 13 4 1 6
action
message
1 3 1 2 0 8
message
14 2 15 2 1 8
action
message
1 2 1 3 0 8
message
13 4 14 4 1 6
action
message
1 3 1 2 0 8
message
13 3 13 4 1 10
action
message
1 2 1 3 0 8
message
14 1 13 0 1 3
action
message
1 3 1 2 0 8
message
13 4 13 3 1 10
action
message
1 2 1 3 0 8
message
14 0 14 1 1 6
action
message
1 3 1 2 0 8
message
13 3 13 2 1 10
action
message
1 2 1 3 0 8
message
15 0 14 0 1 1
action
message
1 3 1 2 0 8
message
15 2 14 2 1 8
action
message
1 2 1 3 0 8
message
15 1 15 2 1 8
action
message
1 3 1 2 0 8
message
14 3 13 3 1 5
action
message
1 2 1 3 0 8
message
15 2 15 1 1 8
action
message
1 3 1 2 0 8
message
14 4 14 3 1 6
action
message
1 2 1 3 0 8
message
6 0 5 0 0 -2
action
message
5 1 5 0 0 3
message
11 2 5 2 1 0
action
message
5 0 12 0 0 3
message
5 2 5 3 1 0
action
message
4 0 5 0 0 10
message
11 1 5 0 0 -2
action
message
4 3 5 3 0 -2
message
11 3 11 0 1 3
action
message
3 0 10 0 0 5
message
11 0 10 0 1 3
action
message
2 0 8 0 0 6
message
10 0 8 0 1 3
action
message
5 4 11 4 0 -2
message
8 0 8 4 1 3
action
message
4 4 6 4 0 4
message
8 4 6 4 1 3
action
message
3 4 5 4 0 4
message
6 4 5 4 1 3
action
message
2 4 4 4 0 6
message
5 4 4 3 1 3
action
message
4 4 15 4 0 6
message
4 3 3 3 0 -2
action
message
15 4 13 4 0 6
message
13 3 13 4 1 5
action
message
1 4 13 4 0 1
message
12 3 13 4 0 -2
action
message
1 3 15 3 0 8
message
14 3 15 3 1 6
action
message
2 2 1 2 0 8
message
15 3 15 2 1 6
action
message
1 2 15 3 0 8
message
15 2 15 3 1 6
action
message
2 1 1 2 0 7
message
15 1 15 0 1 8
action
message
1 2 1 4 0 7
message
12 1 11 1 1 4
action
message
2 3 3 2 0 3
message
13 0 12 1 1 3
action
message
12 0 13 0 0 3
message
14 0 13 0 1 1
action
message
3 1 3 0 0 5
message
13 0 3 0 1 1
action
message
1 4 5 4 0 7
message
3 0 8 0 1 1
action
message
4 2 5 2 0 6
message
15 0 1 1 1 8
action
message
5 4 4 3 0 7
