Seed = 64136973
0
<3>
Best Step:0
5,0 to 10,0
0 change to 3
5 0 10 0
<3>
Best Step:0
5,4 to 11,4
-3 change to 0
5 4 11 4
<3>
Best Step:3.33925
10,0 to 10,4
0 change to 3
10 0 10 4
<3>
Best Step:-1.41813
5,1 to 5,0
0 change to 4
5 1 5 0
<3>
Best Step:9.74912
5,0 to 11,0
-9 change to 4
5 0 11 0
<3>
Best Step:2.13025
10,4 to 11,4
-4 change to 3
10 4 11 4
<3>
Best Step:-13.7372
5,2 to 5,0
0 change to 1
5 2 5 0
<3>
Best Step:-20.7372
5,0 to 12,0
-5 change to 1
5 0 12 0
<3>
Best Step:-19.8347
12,0 to 13,0
-5 change to 1
12 0 13 0
<3>
Best Step:-33.5875
13,0 to 14,0
-7 change to 1
13 0 14 0
<3>
Best Step:-43.1225
14,0 to 15,0
-2 change to 1
14 0 15 0
<3>
Best Step:-16.22
15,0 to 15,1
-9 change to 1
15 0 15 1
<3>
Best Step:-16.1225
15,1 to 15,2
-4 change to 1
15 1 15 2
<3>
Best Step:-9
15,2 to 14,2
-9 change to 1
15 2 14 2
<3>
Best Step:0.857375
3,0 to 13,0
-6 change to 0
3 0 13 0
<3>
Best Step:0.857375
3,1 to 3,2
0 change to 11
3 1 3 2
<3>
Best Step:-0.809875
2,0 to 15,0
-8 change to 7
2 0 15 0
<3>
Best Step:22.0114
15,0 to 8,0
0 change to 7
15 0 8 0
<3>
Best Step:61.7475
5,3 to 15,3
-10 change to 9
5 3 15 3
<3>
Best Step:74.1975
14,2 to 13,2
0 change to 1
14 2 13 2
<3>
Best Step:74.1524
8,0 to 13,0
0 change to 7
8 0 13 0
<3>
Best Step:71.345
13,0 to 15,0
0 change to 7
13 0 15 0
<3>
Best Step:90.7511
15,0 to 15,3
-8 change to 7
15 0 15 3
<3>
Best Step:109.301
3,2 to 2,3
0 change to 11
3 2 2 3
<3>
Best Step:109.301
2,3 to 2,4
0 change to 11
2 3 2 4
<3>
Best Step:107.541
2,4 to 2,3
0 change to 11
2 4 2 3
<3>
Best Step:105.591
13,2 to 14,3
0 change to 1
13 2 14 3
<3>
Best Step:961.251
14,3 to 15,3
0 change to 1
14 3 15 3
<3>
Best Step:9.50003e+06
15,3 to 16,3
-12 change to 1
15 3 16 3
