id
1
init
refresh
9 11 9 7 7 7 9 3 8 1 6 8 6 5 10 5 4 10 6 4 2 3 0 8 2 
9 11 9 7 7 7 9 3 8 1 6 8 6 5 10 5 4 10 6 4 2 3 0 8 2 
action
message
11 2 12 1 1 0
message
4 0 4 1 0 10
action
message
15 1 14 1 1 8
message
5 2 6 2 0 0
action
message
13 1 13 2 1 5
message
6 2 6 0 0 0
action
message
11 1 6 2 1 8
message
6 0 11 0 0 0
action
message
15 2 15 1 1 3
message
11 0 11 3 0 0
action
message
14 2 15 2 1 8
message
5 0 12 0 0 2
action
message
12 1 12 0 1 0
message
4 2 5 2 0 6
action
message
12 0 3 0 1 0
message
3 1 3 0 0 -2
action
message
13 0 2 0 1 4
message
5 2 6 2 0 6
action
message
2 0 1 0 1 4
message
1 2 2 1 0 3
action
message
14 1 14 2 1 8
message
2 1 1 0 0 3
action
message
15 4 14 3 1 7
message
11 3 12 3 0 0
action
message
11 4 11 0 1 2
message
1 0 2 1 0 3
action
message
11 0 5 0 1 2
message
4 1 5 0 0 -2
action
message
14 4 15 4 1 6
message
5 4 12 4 0 -2
action
message
13 4 5 4 1 5
message
4 4 5 4 0 4
action
message
14 3 13 4 1 7
message
12 3 12 2 0 0
action
message
14 0 8 0 1 6
message
5 4 13 4 0 4
action
message
13 3 12 3 1 10
message
12 2 12 1 0 0
action
message
12 3 13 3 1 10
message
13 4 13 3 0 -2
action
message
15 4 14 3 1 6
message
5 3 15 3 0 8
action
message
14 3 15 3 1 6
message
12 1 13 0 0 0
action
message
8 0 8 2 1 6
message
13 0 15 0 0 0
action
message
8 2 6 2 0 -2
message
15 0 15 1 0 0
action
message
13 2 12 1 1 5
message
15 1 15 2 0 0
action
message
12 1 11 2 1 5
message
15 2 15 3 0 0
action
message
14 2 15 2 1 8
