Seed = 1333278762
1
<3>
12 4 12 3
<3>
15,2 to 14,1
0 change to 4
15 2 14 1
<3>
14,4 to 14,3
0 change to 7
14 4 14 3
<3>
12,0 to 3,0
-6 change to 5
12 0 3 0
<3>
13,0 to 2,0
-7 change to 5
13 0 2 0
<3>
2,0 to 2,1
0 change to 5
2 0 2 1
<3>
2,1 to 2,2
-9 change to 5
2 1 2 2
<3>
2,2 to 2,3
0 change to 5
2 2 2 3
<3>
2,3 to 3,3
-6 change to 5
2 3 3 3
<3>
14,0 to 1,0
-8 change to 7
14 0 1 0
<3>
11,3 to 11,4
-7 change to 4
11 3 11 4
<3>
12,3 to 11,4
-2 change to 0
12 3 11 4
<3>
1,0 to 3,0
-11 change to 0
1 0 3 0
<3>
15,0 to 10,0
0 change to 2
15 0 10 0
<3>
15,1 to 1,1
-10 change to 9
15 1 1 1
<3>
10,0 to 1,0
0 change to 2
10 0 1 0
<3>
1,0 to 1,1
0 change to 2
1 0 1 1
<3>
1,1 to 0,1
-12 change to 2
1 1 0 1
