Seed = 238031472
0
Used time:0
Used time:0
Used time:0
Round: 1
<4>
Best Step:-96041.2Addition:-15941.2
Dfs Number: [1] 1 [2] 43 [3] 89 [4] 1975 [5] 89622
1,0 to 2,1
0 change to 8
1 0 2 1
-80100Used time:0.09375
Round: 1
Used time:0
Round: 2
Used time:0
Round: 3
<4>
Best Step:-438255Addition:-280055
Dfs Number: [1] 1 [2] 40 [3] 1047 [4] 2620 [5] 112505
1,2 to 2,3
0 change to 4
1 2 2 3
-158200Used time:0.125
Round: 3
Used time:0
Round: 4
Used time:0
Round: 5
<4>
Best Step:-797958Addition:-562358
Dfs Number: [1] 1 [2] 38 [3] 1313 [4] 2749 [5] 111448
1,3 to 1,2
0 change to 9
1 3 1 2
-235600Used time:0.140625
Round: 5
Used time:0
Round: 6
Used time:0
Round: 7
<4>
Best Step:-1.14455e+06Addition:-835145
Dfs Number: [1] 1 [2] 37 [3] 1277 [4] 2652 [5] 107669
1,2 to 1,3
0 change to 9
1 2 1 3
-309400Used time:0.140625
Round: 7
Used time:0
Round: 8
Used time:0
Round: 9
<4>
Best Step:-1.40066e+06Addition:-1.09126e+06
Dfs Number: [1] 1 [2] 49 [3] 2341 [4] 4505 [5] 220713
5,4 to 11,4
-3 change to 2
5 4 11 4
-309400Used time:0.328125
Round: 9
Used time:0
Round: 10
Used time:0
Round: 11
<4>
Best Step:-1.40338e+06Addition:-1.09348e+06
Dfs Number: [1] 1 [2] 52 [3] 2668 [4] 5138 [5] 269606
5,3 to 10,0
0 change to 9
5 3 10 0
-309900Used time:0.375
Round: 11
Used time:0
Round: 12
Used time:0
Round: 13
<4>
Best Step:-1.40596e+06Addition:-1.09556e+06
Dfs Number: [1] 1 [2] 35 [3] 1975 [4] 3164 [5] 176858
4,4 to 12,4
-6 change to 5
4 4 12 4
-310400Used time:0.21875
Round: 13
Used time:0
Round: 14
Used time:0
Round: 15
<4>
Best Step:-1.40595e+06Addition:-1.09556e+06
Dfs Number: [1] 1 [2] 38 [3] 2187 [4] 3599 [5] 204097
3,4 to 4,4
0 change to 5
3 4 4 4
-310390Used time:0.25
Round: 15
Used time:0
Round: 16
Used time:0
Round: 17
<4>
Best Step:-1.40617e+06Addition:-1.09573e+06
Dfs Number: [1] 1 [2] 40 [3] 2288 [4] 3865 [5] 220730
12,4 to 14,4
-7 change to 5
12 4 14 4
-310440Used time:0.265625
Round: 17
Used time:0
Round: 18
Used time:0
Round: 19
<4>
Best Step:-1.4064e+06Addition:-1.09591e+06
Dfs Number: [1] 1 [2] 39 [3] 2282 [4] 3798 [5] 218643
4,2 to 3,2
0 change to 7
4 2 3 2
-310488Used time:0.28125
Round: 19
Used time:0
Round: 20
Used time:0
Round: 21
<4>
Best Step:-1.41402e+06Addition:-1.09943e+06
Dfs Number: [1] 1 [2] 36 [3] 2130 [4] 3478 [5] 193875
1,3 to 1,2
0 change to 9
1 3 1 2
-314588Used time:0.25
Round: 21
Used time:0
Round: 22
Used time:0
Round: 23
<4>
Best Step:-1.4365e+06Addition:-1.11581e+06
Dfs Number: [1] 1 [2] 36 [3] 2289 [4] 3647 [5] 217831
2,3 to 3,4
0 change to 4
2 3 3 4
-320688Used time:0.28125
Round: 23
Used time:0
Round: 24
Used time:0
Round: 25
<4>
Best Step:-1.45097e+06Addition:-1.13027e+06
Dfs Number: [1] 1 [2] 34 [3] 2544 [4] 3700 [5] 269423
3,1 to 4,1
0 change to 6
3 1 4 1
-320698Used time:0.3125
Round: 25
Used time:0
Round: 26
Used time:0
Round: 27
<4>
Best Step:-1.45099e+06Addition:-1.13029e+06
Dfs Number: [1] 1 [2] 37 [3] 2775 [4] 4194 [5] 309765
4,1 to 4,0
0 change to 6
4 1 4 0
-320700Used time:0.34375
Round: 27
Used time:0
Round: 28
Used time:0
Round: 29
<4>
Best Step:-1.45102e+06Addition:-1.13031e+06
Dfs Number: [1] 1 [2] 33 [3] 2398 [4] 3513 [5] 253350
2,1 to 2,0
0 change to 8
2 1 2 0
-320710Used time:0.296875
Round: 29
Used time:0
Round: 30
Used time:0
Round: 31
<4>
Best Step:-1.45143e+06Addition:-1.13072e+06
Dfs Number: [1] 1 [2] 32 [3] 2450 [4] 3489 [5] 263323
5,1 to 5,0
0 change to 4
5 1 5 0
-320711Used time:0.296875
Round: 31
Used time:0
Round: 32
Used time:0
Round: 33
<4>
Best Step:-1.45231e+06Addition:-1.1316e+06
Dfs Number: [1] 1 [2] 40 [3] 2842 [4] 4462 [5] 301879
1,2 to 2,3
0 change to 9
1 2 2 3
-320711Used time:0.359375
Round: 33
Used time:0
Round: 34
Used time:0
Round: 35
<4>
Best Step:-1.45336e+06Addition:-1.13215e+06
Dfs Number: [1] 1 [2] 38 [3] 2513 [4] 3923 [5] 262224
5,0 to 2,0
0 change to 4
5 0 2 0
-321211Used time:0.3125
Round: 35
Used time:0
Round: 36
Used time:0
Round: 37
<4>
Best Step:-1.45354e+06Addition:-1.13233e+06
Dfs Number: [1] 1 [2] 35 [3] 2381 [4] 3649 [5] 253361
1,4 to 1,3
0 change to 3
1 4 1 3
-321211Used time:0.3125
Round: 37
Used time:0
Round: 38
Used time:0
Round: 39
<4>
Best Step:-1.45434e+06Addition:-1.13303e+06
Dfs Number: [1] 1 [2] 24 [3] 2427 [4] 3063 [5] 296804
1,3 to 1,2
0 change to 3
1 3 1 2
-321311Used time:0.359375
Round: 39
Used time:0
Round: 40
Used time:0
Round: 41
<4>
Best Step:-1.45483e+06Addition:-1.13352e+06
Dfs Number: [1] 1 [2] 26 [3] 1846 [4] 2572 [5] 185421
0,4 to 1,4
0 change to 8
0 4 1 4
-321311Used time:0.21875
Round: 41
Used time:0
Round: 42
Used time:0
Round: 43
<4>
Best Step:-1.4562e+06Addition:-1.13414e+06
Dfs Number: [1] 1 [2] 25 [3] 773 [4] 1465 [5] 100532
1,2 to 1,1
-9 change to 3
1 2 1 1
-322061Used time:0.125
Round: 43
Used time:0
Round: 44
Used time:0
Round: 45
<4>
Best Step:-1.57829e+06Addition:-1.1522e+06
Dfs Number: [1] 1 [2] 27 [3] 1929 [4] 2716 [5] 202098
1,1 to 1,0
-2 change to -2
1 1 1 0
-426081Used time:0.21875
Round: 45
Used time:0
Round: 46
Used time:0
Round: 47
<4>
Best Step:-9.95924e+06Addition:-9.43216e+06
Dfs Number: [1] 1 [2] 24 [3] 119 [4] 761 [5] 59948
1,4 to 1,3
0 change to 8
1 4 1 3
-527081Used time:0.0625
Round: 47
Used time:0
