id
0
init
refresh
9 11 9 7 7 7 9 3 8 1 6 8 6 5 5 10 4 10 6 4 2 3 0 8 2 
9 11 9 7 6 6 9 8 5 6 7 4 5 3 4 2 7 10 3 10 1 8 0 8 2 
debug
message
5 4 4 3 0 2
message
11 0 6 0 1 2
action
message
5 3 12 0 0 -2
message
11 1 5 3 1 8
action
message
4 3 5 3 0 2
message
6 0 5 0 0 -2
action
message
5 3 4 3 0 2
message
13 0 4 0 0 -2
action
message
5 2 5 4 0 0
message
11 4 12 3 1 1
action
message
5 4 11 4 0 0
message
12 4 11 4 0 -2
action
message
4 3 5 4 0 2
message
12 3 12 4 1 1
action
message
5 4 5 3 0 2
message
12 4 5 4 1 1
action
message
5 3 4 3 0 2
message
5 4 5 1 1 1
action
message
3 4 2 3 0 4
message
11 2 10 2 1 0
action
message
4 3 3 4 0 2
message
11 3 12 3 1 8
action
message
4 4 4 3 0 4
message
5 1 5 4 1 1
action
message
4 3 4 4 0 4
message
5 4 4 3 1 1
action
message
3 0 4 1 0 5
message
14 0 2 0 1 5
action
message
4 4 11 4 0 4
message
4 3 3 4 1 1
action
message
3 3 3 4 0 -2
message
2 0 2 1 1 5
action
message
2 2 3 2 0 8
message
13 4 11 4 1 3
action
message
2 4 4 4 0 6
message
10 2 10 4 1 0
action
message
2 3 2 2 0 4
message
10 4 4 4 1 0
action
message
1 4 2 3 0 1
message
4 4 1 4 1 0
action
message
2 3 3 3 0 1
message
1 4 1 3 1 0
action
message
1 2 2 3 0 3
message
15 0 1 0 1 6
action
message
4 1 4 0 0 5
message
11 4 11 0 1 3
action
message
4 0 1 0 0 5
message
11 0 1 0 1 3
action
message
4 2 4 1 0 6
message
1 3 1 2 1 0
action
message
4 1 5 1 0 6
message
1 2 2 2 1 0
action
message
3 1 4 1 0 5
message
12 3 11 3 1 8
action
message
0 4 1 4 0 7
message
1 0 5 0 1 3
action
message
5 1 5 3 0 6
message
5 0 5 3 1 3
action
message
4 1 4 0 0 5
message
5 3 5 0 1 3
action
message
4 0 4 1 0 5
message
5 0 8 0 1 3
action
message
4 1 4 0 0 5
message
8 0 4 0 1 3
action
message
1 4 4 4 0 7
message
4 0 4 1 1 3
action
message
2 3 1 3 0 3
message
11 3 1 0 1 8
action
message
4 4 12 4 0 7
message
1 0 0 0 1 8
action
message
12 4 14 4 0 -2