id
1
init
refresh
9 11 9 7 7 7 9 3 8 1 6 8 6 5 10 5 4 10 6 4 2 3 0 8 2 
9 11 9 7 7 7 9 3 8 1 6 8 6 5 10 5 4 10 6 4 2 3 0 8 2 
action
message
13 4 12 3 1 5
message
4 0 4 1 0 10
action
message
15 2 14 1 1 3
message
5 2 11 2 0 -2
action
message
11 1 5 3 0 -2
message
5 1 5 2 0 3
action
message
14 4 14 3 1 6
message
5 2 10 2 0 3
action
message
15 1 15 2 1 8
message
3 3 3 2 0 5
action
message
15 0 15 1 1 1
message
10 2 5 2 0 3
action
message
12 2 13 2 1 6
message
5 4 6 4 0 2
action
message
14 3 14 4 1 6
message
6 4 5 4 0 2
action
message
13 0 12 1 1 4
message
5 4 6 4 0 2
action
message
12 3 11 2 1 5
message
5 2 11 2 0 3
action
message
11 0 11 2 1 2
message
5 0 12 0 0 2
action
message
14 1 15 0 1 3
message
12 0 14 0 0 2
action
message
13 2 12 2 1 6
message
14 0 15 0 0 2
action
message
15 1 15 0 1 1
message
3 0 4 0 0 5
action
message
15 0 4 0 1 1
message
4 1 4 0 0 -2
flag
action
message
15 2 11 0 1 8
message
2 0 11 0 0 6
action
message
11 2 11 0 1 2
message
1 0 2 1 0 7
action
message
13 1 13 2 1 5
message
1 4 2 3 0 1
action
message
14 2 15 2 1 8
message
2 3 1 4 0 1
action
message
11 0 10 0 1 2
message
2 1 2 0 0 7
action
message
10 0 2 0 1 2
message
4 2 4 3 0 6
action
message
2 0 2 1 1 2
message
3 1 3 0 0 10
action
message
2 1 3 0 0 -2
message
3 2 4 2 0 5
action
message
15 2 1 1 1 8
message
1 2 1 1 0 3
action
message
16 0 15 0 1 7
message
4 3 5 3 0 6
action
message
15 4 14 3 1 7
message
6 4 8 4 0 2
action
message
15 0 14 1 1 7
message
8 4 11 4 0 -2
action
message
14 3 13 4 1 7
message
4 4 12 4 0 -2
action
message
14 1 13 0 1 7
message
3 4 13 4 0 4
action
message
13 0 13 1 1 7
message
13 4 13 3 0 -2
action
message
14 4 4 4 1 6
message
1 1 2 1 0 3
action
message
13 1 13 0 1 7
message
1 3 15 3 0 8
action
message
13 2 12 3 1 5
