Seed = 4248308
1
<3>
Best Step:0
13,4 to 12,3
0 change to 6
13 4 12 3
<3>
Best Step:0
15,2 to 14,1
0 change to 4
15 2 14 1
<3>
Best Step:0
11,1 to 5,3
-9 change to 0
11 1 5 3
<3>
Best Step:0
14,4 to 14,3
0 change to 7
14 4 14 3
<3>
Best Step:0
15,1 to 15,2
0 change to 9
15 1 15 2
<3>
Best Step:0
15,0 to 15,1
0 change to 2
15 0 15 1
<3>
Best Step:0
12,2 to 13,2
0 change to 7
12 2 13 2
<3>
Best Step:0
14,3 to 14,4
0 change to 7
14 3 14 4
<3>
Best Step:0
13,0 to 12,1
0 change to 5
13 0 12 1
<3>
Best Step:0
12,3 to 11,2
0 change to 6
12 3 11 2
<3>
Best Step:43.9382
11,0 to 11,2
-4 change to 3
11 0 11 2
<3>
Best Step:77.9074
14,1 to 15,0
0 change to 4
14 1 15 0
<3>
Best Step:85.3271
13,2 to 12,2
0 change to 7
13 2 12 2
<3>
Best Step:130.55
15,1 to 15,0
-3 change to 2
15 1 15 0
<3>
Best Step:161.992
15,0 to 4,0
-6 change to 2
15 0 4 0
<3>
Best Step:259.691
15,2 to 11,0
0 change to 9
15 2 11 0
<3>
Best Step:296.74
11,2 to 11,0
-7 change to 3
11 2 11 0
<3>
Best Step:300.5
13,1 to 13,2
0 change to 6
13 1 13 2
<3>
Best Step:300.5
14,2 to 15,2
0 change to 9
14 2 15 2
<3>
Best Step:301.357
11,0 to 10,0
0 change to 3
11 0 10 0
<3>
Best Step:303.21
10,0 to 2,0
-8 change to 3
10 0 2 0
<3>
Best Step:311.926
2,0 to 2,1
0 change to 3
2 0 2 1
<3>
Best Step:335.351
2,1 to 3,0
-11 change to 0
2 1 3 0
<3>
Best Step:408.765
15,2 to 1,1
-10 change to 9
15 2 1 1
<3>
Best Step:456.315
16,0 to 15,0
0 change to 8
16 0 15 0
<3>
Best Step:456.315
15,4 to 14,3
0 change to 8
15 4 14 3
<3>
Best Step:456.315
15,0 to 14,1
0 change to 8
15 0 14 1
<3>
Best Step:456.315
14,3 to 13,4
0 change to 8
14 3 13 4
<3>
Best Step:471.154
14,1 to 13,0
0 change to 8
14 1 13 0
<3>
Best Step:474.864
13,0 to 13,1
0 change to 8
13 0 13 1
<3>
Best Step:489.703
14,4 to 4,4
0 change to 7
14 4 4 4
<3>
Best Step:473.865
13,1 to 13,0
0 change to 8
13 1 13 0
<3>
Best Step:-9.02468e+06
13,2 to 12,3
0 change to 6
13 2 12 3
